<?xml version="1.0" encoding="UTF-8"?>
<!-- Generated by org.testng.reporters.JUnitReportReporter -->
<testsuite hostname="Nkosi" failures="0" tests="4" name="api.test.UserTests" time="10.747" errors="0" timestamp="2024-11-18T18:14:12 SAST" skipped="0">
  <testcase classname="api.test.UserTests" name="testPostUser" time="5.424"/>
  <testcase classname="api.test.UserTests" name="testGetUserByName" time="1.372"/>
  <testcase classname="api.test.UserTests" name="testUpdateUserByName" time="2.693"/>
  <testcase classname="api.test.UserTests" name="testDeleteUserByName" time="1.258"/>
</testsuite> <!-- api.test.UserTests -->
